Containers:
  [+] MainContainer:
   |            ID: 0x0000000000000000
   |        Bounds: IsValid=false, Min=(X=0.000 Y=0.000 Z=0.000), Max=(X=0.000 Y=0.000 Z=0.000)
   |     Transform: 0.000000,0.000000,0.000000|0.000000,0.000000,-0.000000|1.000000,1.000000,1.000000
   |     Container: /Game/FirstPerson/Maps/FirstPersonMap
   |  ActorDescs:
   |      - Guid:13F40C7241F9A80D3E971DBC21FCAFB0 Class:SkyAtmosphere Name:SkyAtmosphere_0 SpatiallyLoaded:false Bounds:IsValid=true, Min=(X=0.000 Y=0.000 Z=1020.000), Max=(X=0.000 Y=0.000 Z=1020.000) RuntimeGrid:None EditorOnly:false LevelBoundsRelevant:false HLODRelevant:false FolderPath:Lighting FolderGuid:D9E1224C415FCB205E4105B3245ADAAB Parent:00000000000000000000000000000000
   |      - Guid:22C4F1724348A3818BBA0A939CA01B63 Class:WorldDataLayers Name:WorldDataLayers SpatiallyLoaded:false Bounds:IsValid=true, Min=(X=0.000 Y=0.000 Z=0.000), Max=(X=0.000 Y=0.000 Z=0.000) RuntimeGrid:None EditorOnly:false LevelBoundsRelevant:false HLODRelevant:false FolderPath:None FolderGuid:00000000000000000000000000000000 Parent:00000000000000000000000000000000
   |      - Guid:266836F144FA2767EA2991A084FC7C51 Class:StaticMeshActor Name:StaticMeshActor_8 SpatiallyLoaded:true Bounds:IsValid=true, Min=(X=2900.000 Y=100.000 Z=0.000), Max=(X=3000.000 Y=3400.000 Z=4000.000) RuntimeGrid:None EditorOnly:false LevelBoundsRelevant:true HLODRelevant:true FolderPath:Playground FolderGuid:CDC3EA2D424DF73175D386948543BF31 Parent:00000000000000000000000000000000
   |      - Guid:36DA8D2C4B2585DD71BFF583CFB51CFA Class:TextRenderActor Name:TextRenderActor_0 SpatiallyLoaded:true Bounds:IsValid=true, Min=(X=-0.100 Y=1100.000 Z=65.013), Max=(X=-0.100 Y=2363.461 Z=215.013) RuntimeGrid:None EditorOnly:false LevelBoundsRelevant:true HLODRelevant:false FolderPath:None FolderGuid:00000000000000000000000000000000 Parent:00000000000000000000000000000000
   |      - Guid:46DC0E4E4B5774D8B4B8A2A3D5869AEC Class:Actor Name:BP_RiflePickUp_C_1 SpatiallyLoaded:true Bounds:IsValid=true, Min=(X=1378.000 Y=818.000 Z=64.000), Max=(X=1442.000 Y=907.440 Z=128.000) RuntimeGrid:None EditorOnly:false LevelBoundsRelevant:true HLODRelevant:false FolderPath:None FolderGuid:00000000000000000000000000000000 Parent:00000000000000000000000000000000
   |      - Guid:52E74DF94E9EECAF9464C1BCB5227CCC Class:StaticMeshActor Name:StaticMeshActor_3 SpatiallyLoaded:true Bounds:IsValid=true, Min=(X=0.000 Y=3400.000 Z=0.000), Max=(X=3000.000 Y=3500.000 Z=4000.000) RuntimeGrid:None EditorOnly:false LevelBoundsRelevant:true HLODRelevant:true FolderPath:Playground FolderGuid:CDC3EA2D424DF73175D386948543BF31 Parent:00000000000000000000000000000000
   |      - Guid:616554B84D9AF28DF69ABD8837FD26D7 Class:ExponentialHeightFog Name:ExponentialHeightFog_0 SpatiallyLoaded:false Bounds:IsValid=true, Min=(X=-5600.000 Y=-50.000 Z=-6850.000), Max=(X=-5600.000 Y=-50.000 Z=-6850.000) RuntimeGrid:None EditorOnly:false LevelBoundsRelevant:false HLODRelevant:false FolderPath:Lighting FolderGuid:D9E1224C415FCB205E4105B3245ADAAB Parent:00000000000000000000000000000000
   |      - Guid:6456ADDD428A590141FABFB9484712AA Class:PostProcessVolume Name:PostProcessVolume_0 SpatiallyLoaded:false Bounds:IsValid=true, Min=(X=0.000 Y=0.000 Z=400.000), Max=(X=200.000 Y=200.000 Z=600.000) RuntimeGrid:None EditorOnly:false LevelBoundsRelevant:false HLODRelevant:false FolderPath:Lighting FolderGuid:D9E1224C415FCB205E4105B3245ADAAB Parent:00000000000000000000000000000000
   |      - Guid:75854521468783C291995A8EFCB63F1B Class:StaticMeshActor Name:StaticMeshActor_7 SpatiallyLoaded:true Bounds:IsValid=true, Min=(X=-0.000 Y=100.000 Z=0.000), Max=(X=100.000 Y=3400.000 Z=400.000) RuntimeGrid:None EditorOnly:false LevelBoundsRelevant:true HLODRelevant:true FolderPath:Playground FolderGuid:CDC3EA2D424DF73175D386948543BF31 Parent:00000000000000000000000000000000
   |      - Guid:7A699BF944F9DAC273FB4FAD2236D7F8 Class:SkyLight Name:SkyLight_0 SpatiallyLoaded:false Bounds:IsValid=true, Min=(X=0.000 Y=0.000 Z=690.000), Max=(X=0.000 Y=0.000 Z=690.000) RuntimeGrid:None EditorOnly:false LevelBoundsRelevant:false HLODRelevant:false FolderPath:Lighting FolderGuid:D9E1224C415FCB205E4105B3245ADAAB Parent:00000000000000000000000000000000
   |      - Guid:97FF78FB4EC8F13EF6751DB180B1CE46 Class:DirectionalLight Name:DirectionalLight_0 SpatiallyLoaded:false Bounds:IsValid=true, Min=(X=-1048576.000 Y=-1048576.000 Z=-1048576.000), Max=(X=1048576.000 Y=1048576.000 Z=1048576.000) RuntimeGrid:None EditorOnly:false LevelBoundsRelevant:false HLODRelevant:false FolderPath:Lighting FolderGuid:D9E1224C415FCB205E4105B3245ADAAB Parent:00000000000000000000000000000000
   |      - Guid:9FC0E5A04B5C426BD8398396952183D3 Class:StaticMeshActor Name:StaticMeshActor_0 SpatiallyLoaded:true Bounds:IsValid=true, Min=(X=0.000 Y=0.000 Z=-50.000), Max=(X=3000.000 Y=3500.000 Z=0.000) RuntimeGrid:None EditorOnly:false LevelBoundsRelevant:true HLODRelevant:true FolderPath:Playground FolderGuid:CDC3EA2D424DF73175D386948543BF31 Parent:00000000000000000000000000000000
   |      - Guid:A193674B480A39A47551D39FB4DFCD99 Class:StaticMeshActor Name:StaticMeshActor_UAID_A4AE111137DC5FFB00_1159438599 SpatiallyLoaded:true Bounds:IsValid=true, Min=(X=-1638400.000 Y=-1638400.000 Z=-1638400.000), Max=(X=1638400.000 Y=1638400.000 Z=1638400.000) RuntimeGrid:None EditorOnly:false LevelBoundsRelevant:true HLODRelevant:true FolderPath:Lighting FolderGuid:D9E1224C415FCB205E4105B3245ADAAB Parent:00000000000000000000000000000000
   |      - Guid:A5FCDC664219DC8AAD6D739ADEF9C627 Class:PlayerStart Name:PlayerStart_0 SpatiallyLoaded:false Bounds:IsValid=true, Min=(X=860.000 Y=810.000 Z=0.013), Max=(X=940.000 Y=890.000 Z=184.013) RuntimeGrid:None EditorOnly:false LevelBoundsRelevant:true HLODRelevant:false FolderPath:None FolderGuid:00000000000000000000000000000000 Parent:00000000000000000000000000000000
   |      - Guid:B326783D46A6A43F55CCC9AB2A4C1863 Class:VolumetricCloud Name:VolumetricCloud_0 SpatiallyLoaded:false Bounds:IsValid=true, Min=(X=0.000 Y=0.000 Z=820.000), Max=(X=0.000 Y=0.000 Z=820.000) RuntimeGrid:None EditorOnly:false LevelBoundsRelevant:false HLODRelevant:false FolderPath:Lighting FolderGuid:D9E1224C415FCB205E4105B3245ADAAB Parent:00000000000000000000000000000000
   |      - Guid:C83193A44B35A6269065368937C6CA58 Class:StaticMeshActor Name:StaticMeshActor_24 SpatiallyLoaded:true Bounds:IsValid=true, Min=(X=334.338 Y=334.338 Z=0.063), Max=(X=545.662 Y=545.662 Z=150.063) RuntimeGrid:None EditorOnly:false LevelBoundsRelevant:true HLODRelevant:false FolderPath:SimulatedCubes FolderGuid:3E37B3AC41F495FF33672D878D9DD948 Parent:00000000000000000000000000000000
   |      - Guid:CDC290334FAA2557343A1181CA8C7F4B Class:StaticMeshActor Name:StaticMeshActor_2 SpatiallyLoaded:true Bounds:IsValid=true, Min=(X=0.000 Y=0.000 Z=0.000), Max=(X=3000.000 Y=100.000 Z=4000.000) RuntimeGrid:None EditorOnly:false LevelBoundsRelevant:true HLODRelevant:true FolderPath:Playground FolderGuid:CDC3EA2D424DF73175D386948543BF31 Parent:00000000000000000000000000000000
